<?xml version="1.0" encoding="UTF-8"?>
<!-- Generated by org.testng.reporters.JUnitXMLReporter -->
<testsuite hostname="Deep-Thought" ignored="0" name="Test Suite 1" tests="5" failures="3" timestamp="23 Aug 2018 14:11:25 GMT" time="3.621" errors="0">
  <testcase name="authMethod" time="2.001" classname="com.test.testcases.TestMethods"/>
  <testcase name="getMethod" time="0.205" classname="com.test.testcases.TestMethods"/>
  <testcase name="deleteMethod" time="0.203" classname="com.test.testcases.TestMethods">
    <failure type="java.lang.AssertionError" message="expected [false] but found [true]">
      <![CDATA[java.lang.AssertionError: expected [false] but found [true]
	at com.test.testcases.TestMethods.deleteMethod(TestMethods.java:147)
... Removed 31 stack frames]]>
    </failure>
  </testcase> <!-- deleteMethod -->
  <testcase name="postMethod" time="0.177" classname="com.test.testcases.TestMethods">
    <failure type="java.lang.AssertionError" message="expected [true] but found [false]">
      <![CDATA[java.lang.AssertionError: expected [true] but found [false]
	at com.test.testcases.TestMethods.postMethod(TestMethods.java:81)
... Removed 29 stack frames]]>
    </failure>
  </testcase> <!-- postMethod -->
  <testcase name="postMethod" time="0.164" classname="com.test.testcases.TestMethods">
    <failure type="java.lang.AssertionError" message="Response data is null">
      <![CDATA[java.lang.AssertionError: Response data is null
	at com.test.testcases.TestMethods.postMethod(TestMethods.java:88)
... Removed 26 stack frames]]>
    </failure>
  </testcase> <!-- postMethod -->
</testsuite> <!-- Test Suite 1 -->
